Determining if the pthread_create exist failed with the following output:
Change Dir: /home/viki/seniorproject_ws/src/ardrone/build/CMakeFiles/CMakeTmp

Run Build Command:/usr/bin/make "cmTryCompileExec607795527/fast"
make[1]: Entering directory `/home/viki/seniorproject_ws/src/ardrone/build/CMakeFiles/CMakeTmp'
/usr/bin/make -f CMakeFiles/cmTryCompileExec607795527.dir/build.make CMakeFiles/cmTryCompileExec607795527.dir/build
make[2]: Entering directory `/home/viki/seniorproject_ws/src/ardrone/build/CMakeFiles/CMakeTmp'
/usr/bin/cmake -E cmake_progress_report /home/viki/seniorproject_ws/src/ardrone/build/CMakeFiles/CMakeTmp/CMakeFiles 1
Building C object CMakeFiles/cmTryCompileExec607795527.dir/CheckSymbolExists.c.o
/usr/bin/cc    -o CMakeFiles/cmTryCompileExec607795527.dir/CheckSymbolExists.c.o   -c /home/viki/seniorproject_ws/src/ardrone/build/CMakeFiles/CMakeTmp/CheckSymbolExists.c
Linking C executable cmTryCompileExec607795527
/usr/bin/cmake -E cmake_link_script CMakeFiles/cmTryCompileExec607795527.dir/link.txt --verbose=1
/usr/bin/cc       CMakeFiles/cmTryCompileExec607795527.dir/CheckSymbolExists.c.o  -o cmTryCompileExec607795527 -rdynamic 
CMakeFiles/cmTryCompileExec607795527.dir/CheckSymbolExists.c.o: In function `main':
CheckSymbolExists.c:(.text+0x16): undefined reference to `pthread_create'
collect2: error: ld returned 1 exit status
make[2]: Leaving directory `/home/viki/seniorproject_ws/src/ardrone/build/CMakeFiles/CMakeTmp'
make[1]: Leaving directory `/home/viki/seniorproject_ws/src/ardrone/build/CMakeFiles/CMakeTmp'
make[2]: *** [cmTryCompileExec607795527] Error 1
make[1]: *** [cmTryCompileExec607795527/fast] Error 2

File /home/viki/seniorproject_ws/src/ardrone/build/CMakeFiles/CMakeTmp/CheckSymbolExists.c:
/* */
#include <pthread.h>

int main(int argc, char** argv)
{
  (void)argv;
#ifndef pthread_create
  return ((int*)(&pthread_create))[argc];
#else
  (void)argc;
  return 0;
#endif
}

Determining if the function pthread_create exists in the pthreads failed with the following output:
Change Dir: /home/viki/seniorproject_ws/src/ardrone/build/CMakeFiles/CMakeTmp

Run Build Command:/usr/bin/make "cmTryCompileExec1568447570/fast"
make[1]: Entering directory `/home/viki/seniorproject_ws/src/ardrone/build/CMakeFiles/CMakeTmp'
/usr/bin/make -f CMakeFiles/cmTryCompileExec1568447570.dir/build.make CMakeFiles/cmTryCompileExec1568447570.dir/build
make[2]: Entering directory `/home/viki/seniorproject_ws/src/ardrone/build/CMakeFiles/CMakeTmp'
/usr/bin/cmake -E cmake_progress_report /home/viki/seniorproject_ws/src/ardrone/build/CMakeFiles/CMakeTmp/CMakeFiles 1
Building C object CMakeFiles/cmTryCompileExec1568447570.dir/CheckFunctionExists.c.o
/usr/bin/cc   -DCHECK_FUNCTION_EXISTS=pthread_create   -o CMakeFiles/cmTryCompileExec1568447570.dir/CheckFunctionExists.c.o   -c /usr/share/cmake-2.8/Modules/CheckFunctionExists.c
Linking C executable cmTryCompileExec1568447570
/usr/bin/cmake -E cmake_link_script CMakeFiles/cmTryCompileExec1568447570.dir/link.txt --verbose=1
/usr/bin/cc   -DCHECK_FUNCTION_EXISTS=pthread_create    CMakeFiles/cmTryCompileExec1568447570.dir/CheckFunctionExists.c.o  -o cmTryCompileExec1568447570 -rdynamic -lpthreads 
/usr/bin/ld: cannot find -lpthreads
collect2: error: ld returned 1 exit status
make[2]: *** [cmTryCompileExec1568447570] Error 1
make[2]: Leaving directory `/home/viki/seniorproject_ws/src/ardrone/build/CMakeFiles/CMakeTmp'
make[1]: Leaving directory `/home/viki/seniorproject_ws/src/ardrone/build/CMakeFiles/CMakeTmp'
make[1]: *** [cmTryCompileExec1568447570/fast] Error 2


