Determining if the pthread_create exist failed with the following output:
Change Dir: /home/viki/seniorproject_ws/build/CMakeFiles/CMakeTmp

Run Build Command:/usr/bin/make "cmTryCompileExec2019166553/fast"
/usr/bin/make -f CMakeFiles/cmTryCompileExec2019166553.dir/build.make CMakeFiles/cmTryCompileExec2019166553.dir/build
make[1]: Entering directory `/home/viki/seniorproject_ws/build/CMakeFiles/CMakeTmp'
/usr/bin/cmake -E cmake_progress_report /home/viki/seniorproject_ws/build/CMakeFiles/CMakeTmp/CMakeFiles 1
Building C object CMakeFiles/cmTryCompileExec2019166553.dir/CheckSymbolExists.c.o
/usr/bin/cc    -o CMakeFiles/cmTryCompileExec2019166553.dir/CheckSymbolExists.c.o   -c /home/viki/seniorproject_ws/build/CMakeFiles/CMakeTmp/CheckSymbolExists.c
Linking C executable cmTryCompileExec2019166553
/usr/bin/cmake -E cmake_link_script CMakeFiles/cmTryCompileExec2019166553.dir/link.txt --verbose=1
/usr/bin/cc       CMakeFiles/cmTryCompileExec2019166553.dir/CheckSymbolExists.c.o  -o cmTryCompileExec2019166553 -rdynamic 
CMakeFiles/cmTryCompileExec2019166553.dir/CheckSymbolExists.c.o: In function `main':
CheckSymbolExists.c:(.text+0x16): undefined reference to `pthread_create'
collect2: error: ld returned 1 exit status
make[1]: Leaving directory `/home/viki/seniorproject_ws/build/CMakeFiles/CMakeTmp'
make[1]: *** [cmTryCompileExec2019166553] Error 1
make: *** [cmTryCompileExec2019166553/fast] Error 2

File /home/viki/seniorproject_ws/build/CMakeFiles/CMakeTmp/CheckSymbolExists.c:
/* */
#include <pthread.h>

int main(int argc, char** argv)
{
  (void)argv;
#ifndef pthread_create
  return ((int*)(&pthread_create))[argc];
#else
  (void)argc;
  return 0;
#endif
}

Determining if the function pthread_create exists in the pthreads failed with the following output:
Change Dir: /home/viki/seniorproject_ws/build/CMakeFiles/CMakeTmp

Run Build Command:/usr/bin/make "cmTryCompileExec2525376595/fast"
/usr/bin/make -f CMakeFiles/cmTryCompileExec2525376595.dir/build.make CMakeFiles/cmTryCompileExec2525376595.dir/build
make[1]: Entering directory `/home/viki/seniorproject_ws/build/CMakeFiles/CMakeTmp'
/usr/bin/cmake -E cmake_progress_report /home/viki/seniorproject_ws/build/CMakeFiles/CMakeTmp/CMakeFiles 1
Building C object CMakeFiles/cmTryCompileExec2525376595.dir/CheckFunctionExists.c.o
/usr/bin/cc   -DCHECK_FUNCTION_EXISTS=pthread_create   -o CMakeFiles/cmTryCompileExec2525376595.dir/CheckFunctionExists.c.o   -c /usr/share/cmake-2.8/Modules/CheckFunctionExists.c
Linking C executable cmTryCompileExec2525376595
/usr/bin/cmake -E cmake_link_script CMakeFiles/cmTryCompileExec2525376595.dir/link.txt --verbose=1
/usr/bin/cc   -DCHECK_FUNCTION_EXISTS=pthread_create    CMakeFiles/cmTryCompileExec2525376595.dir/CheckFunctionExists.c.o  -o cmTryCompileExec2525376595 -rdynamic -lpthreads 
/usr/bin/ld: cannot find -lpthreads
collect2: error: ld returned 1 exit status
make[1]: Leaving directory `/home/viki/seniorproject_ws/build/CMakeFiles/CMakeTmp'
make[1]: *** [cmTryCompileExec2525376595] Error 1
make: *** [cmTryCompileExec2525376595/fast] Error 2


