Determining if the pthread_create exist failed with the following output:
Change Dir: /home/viki/final_senior_ws/src/ardrone_tutorials/build/CMakeFiles/CMakeTmp

Run Build Command:/usr/bin/make "cmTryCompileExec1671500686/fast"
make[1]: Entering directory `/home/viki/final_senior_ws/src/ardrone_tutorials/build/CMakeFiles/CMakeTmp'
/usr/bin/make -f CMakeFiles/cmTryCompileExec1671500686.dir/build.make CMakeFiles/cmTryCompileExec1671500686.dir/build
make[2]: Entering directory `/home/viki/final_senior_ws/src/ardrone_tutorials/build/CMakeFiles/CMakeTmp'
/usr/bin/cmake -E cmake_progress_report /home/viki/final_senior_ws/src/ardrone_tutorials/build/CMakeFiles/CMakeTmp/CMakeFiles 1
Building C object CMakeFiles/cmTryCompileExec1671500686.dir/CheckSymbolExists.c.o
/usr/bin/cc    -o CMakeFiles/cmTryCompileExec1671500686.dir/CheckSymbolExists.c.o   -c /home/viki/final_senior_ws/src/ardrone_tutorials/build/CMakeFiles/CMakeTmp/CheckSymbolExists.c
Linking C executable cmTryCompileExec1671500686
/usr/bin/cmake -E cmake_link_script CMakeFiles/cmTryCompileExec1671500686.dir/link.txt --verbose=1
/usr/bin/cc       CMakeFiles/cmTryCompileExec1671500686.dir/CheckSymbolExists.c.o  -o cmTryCompileExec1671500686 -rdynamic 
CMakeFiles/cmTryCompileExec1671500686.dir/CheckSymbolExists.c.o: In function `main':
CheckSymbolExists.c:(.text+0x16): undefined reference to `pthread_create'
collect2: error: ld returned 1 exit status
make[2]: *** [cmTryCompileExec1671500686] Error 1
make[2]: Leaving directory `/home/viki/final_senior_ws/src/ardrone_tutorials/build/CMakeFiles/CMakeTmp'
make[1]: Leaving directory `/home/viki/final_senior_ws/src/ardrone_tutorials/build/CMakeFiles/CMakeTmp'
make[1]: *** [cmTryCompileExec1671500686/fast] Error 2

File /home/viki/final_senior_ws/src/ardrone_tutorials/build/CMakeFiles/CMakeTmp/CheckSymbolExists.c:
/* */
#include <pthread.h>

int main(int argc, char** argv)
{
  (void)argv;
#ifndef pthread_create
  return ((int*)(&pthread_create))[argc];
#else
  (void)argc;
  return 0;
#endif
}

Determining if the function pthread_create exists in the pthreads failed with the following output:
Change Dir: /home/viki/final_senior_ws/src/ardrone_tutorials/build/CMakeFiles/CMakeTmp

Run Build Command:/usr/bin/make "cmTryCompileExec399722198/fast"
make[1]: Entering directory `/home/viki/final_senior_ws/src/ardrone_tutorials/build/CMakeFiles/CMakeTmp'
/usr/bin/make -f CMakeFiles/cmTryCompileExec399722198.dir/build.make CMakeFiles/cmTryCompileExec399722198.dir/build
make[2]: Entering directory `/home/viki/final_senior_ws/src/ardrone_tutorials/build/CMakeFiles/CMakeTmp'
/usr/bin/cmake -E cmake_progress_report /home/viki/final_senior_ws/src/ardrone_tutorials/build/CMakeFiles/CMakeTmp/CMakeFiles 1
Building C object CMakeFiles/cmTryCompileExec399722198.dir/CheckFunctionExists.c.o
/usr/bin/cc   -DCHECK_FUNCTION_EXISTS=pthread_create   -o CMakeFiles/cmTryCompileExec399722198.dir/CheckFunctionExists.c.o   -c /usr/share/cmake-2.8/Modules/CheckFunctionExists.c
Linking C executable cmTryCompileExec399722198
/usr/bin/cmake -E cmake_link_script CMakeFiles/cmTryCompileExec399722198.dir/link.txt --verbose=1
/usr/bin/cc   -DCHECK_FUNCTION_EXISTS=pthread_create    CMakeFiles/cmTryCompileExec399722198.dir/CheckFunctionExists.c.o  -o cmTryCompileExec399722198 -rdynamic -lpthreads 
/usr/bin/ld: cannot find -lpthreads
collect2: error: ld returned 1 exit status
make[2]: Leaving directory `/home/viki/final_senior_ws/src/ardrone_tutorials/build/CMakeFiles/CMakeTmp'
make[1]: Leaving directory `/home/viki/final_senior_ws/src/ardrone_tutorials/build/CMakeFiles/CMakeTmp'
make[2]: *** [cmTryCompileExec399722198] Error 1
make[1]: *** [cmTryCompileExec399722198/fast] Error 2


